[INFO] Scanning for projects...
[INFO] 
[INFO] ---------------------< com.codeu.chatapp:chatapp >----------------------
[INFO] Building chatapp 1.0-SNAPSHOT
[INFO] --------------------------------[ war ]---------------------------------
[INFO] 
[INFO] --- maven-clean-plugin:2.5:clean (default-clean) @ chatapp ---
[INFO] Deleting /Users/CostaA17/codeu_project_2018/target
[INFO] 
[INFO] --- maven-resources-plugin:2.6:resources (default-resources) @ chatapp ---
[INFO] Using 'UTF-8' encoding to copy filtered resources.
[INFO] skip non existing resourceDirectory /Users/CostaA17/codeu_project_2018/src/main/resources
[INFO] 
[INFO] --- maven-compiler-plugin:3.1:compile (default-compile) @ chatapp ---
[INFO] Changes detected - recompiling the module!
[INFO] Compiling 17 source files to /Users/CostaA17/codeu_project_2018/target/classes
[INFO] 
[INFO] --- maven-resources-plugin:2.6:testResources (default-testResources) @ chatapp ---
[INFO] Using 'UTF-8' encoding to copy filtered resources.
[INFO] skip non existing resourceDirectory /Users/CostaA17/codeu_project_2018/src/test/resources
[INFO] 
[INFO] --- maven-compiler-plugin:3.1:testCompile (default-testCompile) @ chatapp ---
[INFO] Changes detected - recompiling the module!
[INFO] Compiling 13 source files to /Users/CostaA17/codeu_project_2018/target/test-classes
[INFO] 
[INFO] --- maven-surefire-plugin:2.12.4:test (default-test) @ chatapp ---
[INFO] Surefire report directory: /Users/CostaA17/codeu_project_2018/target/surefire-reports

-------------------------------------------------------
 T E S T S
-------------------------------------------------------
Running codeu.controller.ChatServletTest
Conversation was null: bad_conversation
Tests run: 7, Failures: 0, Errors: 0, Skipped: 0, Time elapsed: 0.666 sec
Running codeu.controller.ConversationServletTest
User not found: test_username
Tests run: 6, Failures: 0, Errors: 0, Skipped: 0, Time elapsed: 0 sec
Running codeu.controller.ActivityFeedTest
Tests run: 1, Failures: 0, Errors: 1, Skipped: 0, Time elapsed: 0.093 sec <<< FAILURE!
testDoGet(codeu.controller.ActivityFeedTest)  Time elapsed: 0.093 sec  <<< ERROR!
java.lang.NullPointerException: No API environment is registered for this thread.
	at com.google.appengine.api.datastore.DatastoreApiHelper.getCurrentAppId(DatastoreApiHelper.java:148)
	at com.google.appengine.api.datastore.DatastoreApiHelper.getCurrentAppIdNamespace(DatastoreApiHelper.java:164)
	at com.google.appengine.api.datastore.Key.<init>(Key.java:92)
	at com.google.appengine.api.datastore.Key.<init>(Key.java:82)
	at com.google.appengine.api.datastore.KeyFactory.createKey(KeyFactory.java:81)
	at com.google.appengine.api.datastore.KeyFactory.createKey(KeyFactory.java:74)
	at com.google.appengine.api.datastore.KeyFactory.createKey(KeyFactory.java:62)
	at com.google.appengine.api.datastore.Entity.<init>(Entity.java:172)
	at codeu.model.store.persistence.PersistentDataStore.writeThrough(PersistentDataStore.java:186)
	at codeu.model.store.persistence.PersistentStorageAgent.writeThrough(PersistentStorageAgent.java:110)
	at codeu.model.store.basic.ActivityFeedStore.addActivity(ActivityFeedStore.java:65)
	at codeu.controller.ActivityFeedServlet.doGet(ActivityFeedServlet.java:25)
	at codeu.controller.ActivityFeedTest.testDoGet(ActivityFeedTest.java:35)
	at sun.reflect.NativeMethodAccessorImpl.invoke0(Native Method)
	at sun.reflect.NativeMethodAccessorImpl.invoke(NativeMethodAccessorImpl.java:62)
	at sun.reflect.DelegatingMethodAccessorImpl.invoke(DelegatingMethodAccessorImpl.java:43)
	at java.lang.reflect.Method.invoke(Method.java:497)
	at org.junit.runners.model.FrameworkMethod$1.runReflectiveCall(FrameworkMethod.java:50)
	at org.junit.internal.runners.model.ReflectiveCallable.run(ReflectiveCallable.java:12)
	at org.junit.runners.model.FrameworkMethod.invokeExplosively(FrameworkMethod.java:47)
	at org.junit.internal.runners.statements.InvokeMethod.evaluate(InvokeMethod.java:17)
	at org.junit.internal.runners.statements.RunBefores.evaluate(RunBefores.java:26)
	at org.junit.runners.ParentRunner.runLeaf(ParentRunner.java:325)
	at org.junit.runners.BlockJUnit4ClassRunner.runChild(BlockJUnit4ClassRunner.java:78)
	at org.junit.runners.BlockJUnit4ClassRunner.runChild(BlockJUnit4ClassRunner.java:57)
	at org.junit.runners.ParentRunner$3.run(ParentRunner.java:290)
	at org.junit.runners.ParentRunner$1.schedule(ParentRunner.java:71)
	at org.junit.runners.ParentRunner.runChildren(ParentRunner.java:288)
	at org.junit.runners.ParentRunner.access$000(ParentRunner.java:58)
	at org.junit.runners.ParentRunner$2.evaluate(ParentRunner.java:268)
	at org.junit.runners.ParentRunner.run(ParentRunner.java:363)
	at org.apache.maven.surefire.junit4.JUnit4Provider.execute(JUnit4Provider.java:252)
	at org.apache.maven.surefire.junit4.JUnit4Provider.executeTestSet(JUnit4Provider.java:141)
	at org.apache.maven.surefire.junit4.JUnit4Provider.invoke(JUnit4Provider.java:112)
	at sun.reflect.NativeMethodAccessorImpl.invoke0(Native Method)
	at sun.reflect.NativeMethodAccessorImpl.invoke(NativeMethodAccessorImpl.java:62)
	at sun.reflect.DelegatingMethodAccessorImpl.invoke(DelegatingMethodAccessorImpl.java:43)
	at java.lang.reflect.Method.invoke(Method.java:497)
	at org.apache.maven.surefire.util.ReflectionUtils.invokeMethodWithArray(ReflectionUtils.java:189)
	at org.apache.maven.surefire.booter.ProviderFactory$ProviderProxy.invoke(ProviderFactory.java:165)
	at org.apache.maven.surefire.booter.ProviderFactory.invokeProvider(ProviderFactory.java:85)
	at org.apache.maven.surefire.booter.ForkedBooter.runSuitesInProcess(ForkedBooter.java:115)
	at org.apache.maven.surefire.booter.ForkedBooter.main(ForkedBooter.java:75)

Running codeu.controller.LoginServletTest
Tests run: 3, Failures: 0, Errors: 0, Skipped: 0, Time elapsed: 0.088 sec
Running codeu.controller.RegisterServletTest
Tests run: 4, Failures: 0, Errors: 0, Skipped: 0, Time elapsed: 0.078 sec
Running codeu.model.data.ConversationTest
Tests run: 1, Failures: 0, Errors: 0, Skipped: 0, Time elapsed: 0 sec
Running codeu.model.data.UserTest
Tests run: 1, Failures: 0, Errors: 0, Skipped: 0, Time elapsed: 0 sec
Running codeu.model.data.MessageTest
Tests run: 1, Failures: 0, Errors: 0, Skipped: 0, Time elapsed: 0 sec
Running codeu.model.store.basic.UserStoreTest
Tests run: 7, Failures: 0, Errors: 0, Skipped: 0, Time elapsed: 0.024 sec
Running codeu.model.store.basic.MessageStoreTest
Tests run: 2, Failures: 0, Errors: 0, Skipped: 0, Time elapsed: 0.001 sec
Running codeu.model.store.basic.ConversationStoreTest
Tests run: 5, Failures: 0, Errors: 0, Skipped: 0, Time elapsed: 0.001 sec
Running codeu.model.store.persistence.PersistentDataStoreTest
May 20, 2018 6:12:26 AM com.google.appengine.api.datastore.dev.LocalDatastoreService init
INFO: Local Datastore initialized: 
	Type: High Replication
	Storage: In-memory
May 20, 2018 6:12:26 AM com.google.appengine.api.datastore.dev.LocalDatastoreService init
INFO: Local Datastore initialized: 
	Type: High Replication
	Storage: In-memory
May 20, 2018 6:12:26 AM com.google.appengine.api.datastore.dev.LocalDatastoreService init
INFO: Local Datastore initialized: 
	Type: High Replication
	Storage: In-memory
Tests run: 3, Failures: 0, Errors: 0, Skipped: 0, Time elapsed: 0.249 sec
Running codeu.model.store.persistence.PersistentStorageAgentTest
Tests run: 6, Failures: 0, Errors: 0, Skipped: 0, Time elapsed: 0.019 sec
May 19, 2018 11:12:26 PM com.google.appengine.api.datastore.dev.LocalDatastoreService cleanupActiveServices
INFO: scheduler shutting down.

Results :

Tests in error: 
  testDoGet(codeu.controller.ActivityFeedTest): No API environment is registered for this thread.

Tests run: 47, Failures: 0, Errors: 1, Skipped: 0

[INFO] ------------------------------------------------------------------------
[INFO] BUILD FAILURE
[INFO] ------------------------------------------------------------------------
[INFO] Total time: 3.292 s
[INFO] Finished at: 2018-05-19T23:12:26-07:00
[INFO] ------------------------------------------------------------------------
[ERROR] Failed to execute goal org.apache.maven.plugins:maven-surefire-plugin:2.12.4:test (default-test) on project chatapp: There are test failures.
[ERROR] 
[ERROR] Please refer to /Users/CostaA17/codeu_project_2018/target/surefire-reports for the individual test results.
[ERROR] -> [Help 1]
[ERROR] 
[ERROR] To see the full stack trace of the errors, re-run Maven with the -e switch.
[ERROR] Re-run Maven using the -X switch to enable full debug logging.
[ERROR] 
[ERROR] For more information about the errors and possible solutions, please read the following articles:
[ERROR] [Help 1] http://cwiki.apache.org/confluence/display/MAVEN/MojoFailureException
